{"level":"info","message":"🚀 Server listening on port 3000","service":"omegle-backend","timestamp":"2025-11-10 09:28:55"}
{"level":"info","message":"📝 Environment: development","service":"omegle-backend","timestamp":"2025-11-10 09:28:55"}
{"level":"warn","message":"Database not available, using in-memory user","service":"omegle-backend","timestamp":"2025-11-10 09:29:36"}
{"level":"info","message":"User verified for soham.saranga@adypu.edu.in (college email domain validated)","service":"omegle-backend","timestamp":"2025-11-10 09:29:36"}
{"level":"warn","message":"Database not available, using in-memory user","service":"omegle-backend","timestamp":"2025-11-10 09:29:57"}
{"level":"info","message":"User verified for soham.saranga@adypu.edu.in (college email domain validated)","service":"omegle-backend","timestamp":"2025-11-10 09:29:57"}
{"level":"warn","message":"Database not available, using in-memory user","service":"omegle-backend","timestamp":"2025-11-10 09:30:10"}
{"level":"info","message":"User verified for soham.saranga@adypu.edu.in (college email domain validated)","service":"omegle-backend","timestamp":"2025-11-10 09:30:10"}
{"level":"warn","message":"Database not available, using in-memory user","service":"omegle-backend","timestamp":"2025-11-10 09:30:35"}
{"level":"info","message":"User verified for test@adypu.edu.in (college email domain validated)","service":"omegle-backend","timestamp":"2025-11-10 09:30:35"}
{"level":"info","message":"SIGTERM signal received: closing HTTP server","service":"omegle-backend","timestamp":"2025-11-10 09:30:56"}
{"level":"info","message":"🚀 Server listening on port 3000","service":"omegle-backend","timestamp":"2025-11-10 09:30:59"}
{"level":"info","message":"📝 Environment: development","service":"omegle-backend","timestamp":"2025-11-10 09:30:59"}
{"level":"warn","message":"Database not connected, using in-memory user","service":"omegle-backend","timestamp":"2025-11-10 13:56:54"}
{"level":"info","message":"User verified for soham@adypu.edu.in (college email domain validated)","service":"omegle-backend","timestamp":"2025-11-10 13:56:54"}
{"level":"info","message":"User connected: ZKACXdt_zyuDpeCtAAAB","service":"omegle-backend","timestamp":"2025-11-10 13:56:56"}
{"level":"info","message":"🚀 Server listening on port 3000","service":"omegle-backend","timestamp":"2025-11-12 02:32:52"}
{"level":"info","message":"📝 Environment: development","service":"omegle-backend","timestamp":"2025-11-12 02:32:52"}
{"level":"warn","message":"Database not connected, using in-memory user","service":"omegle-backend","timestamp":"2025-11-12 02:33:05"}
{"level":"info","message":"User verified for Soham@adypu.edu.in (college email domain validated)","service":"omegle-backend","timestamp":"2025-11-12 02:33:05"}
{"level":"info","message":"User connected: MXtFRk3ttJ6TWbl1AAAB","service":"omegle-backend","timestamp":"2025-11-12 02:33:07"}
{"level":"info","message":"🚀 Server listening on port 3000","service":"omegle-backend","timestamp":"2025-11-12 02:37:39"}
{"level":"info","message":"📝 Environment: development","service":"omegle-backend","timestamp":"2025-11-12 02:37:39"}
{"level":"warn","message":"Database not connected, using in-memory user","service":"omegle-backend","timestamp":"2025-11-12 02:37:41"}
{"level":"info","message":"User verified for soham@adypu.edu.in (college email domain validated)","service":"omegle-backend","timestamp":"2025-11-12 02:37:41"}
{"level":"info","message":"User connected: P6TN6hHPE4DvbBaiAAAB","service":"omegle-backend","timestamp":"2025-11-12 02:37:43"}
{"level":"warn","message":"Database not connected, using in-memory user","service":"omegle-backend","timestamp":"2025-11-12 02:37:53"}
{"level":"info","message":"User verified for soham@adypu.edu.in (college email domain validated)","service":"omegle-backend","timestamp":"2025-11-12 02:37:53"}
{"level":"info","message":"🚀 Server listening on port 3000","service":"omegle-backend","timestamp":"2025-11-12 02:41:44"}
{"level":"info","message":"📝 Environment: development","service":"omegle-backend","timestamp":"2025-11-12 02:41:44"}
{"level":"warn","message":"Database not connected, using in-memory user","service":"omegle-backend","timestamp":"2025-11-12 02:41:48"}
{"level":"info","message":"User verified for sohamc@adypu.edu.in (college email domain validated)","service":"omegle-backend","timestamp":"2025-11-12 02:41:48"}
{"level":"info","message":"User connected: VVGMlKadWIk_vUMgAAAB","service":"omegle-backend","timestamp":"2025-11-12 02:41:49"}
{"level":"info","message":"User connected: _rbYLMjQP1ZuutAkAAAD","service":"omegle-backend","timestamp":"2025-11-12 02:41:49"}
{"level":"info","message":"User disconnected: _rbYLMjQP1ZuutAkAAAD","service":"omegle-backend","timestamp":"2025-11-12 02:41:51"}
{"level":"info","message":"User _rbYLMjQP1ZuutAkAAAD removed","service":"omegle-backend","timestamp":"2025-11-12 02:41:51"}
{"level":"info","message":"🚀 Server listening on port 3000","service":"omegle-backend","timestamp":"2025-11-12 19:14:01"}
{"level":"info","message":"📝 Environment: development","service":"omegle-backend","timestamp":"2025-11-12 19:14:01"}
{"level":"warn","message":"Database not connected, using in-memory user","service":"omegle-backend","timestamp":"2025-11-12 19:14:11"}
{"level":"info","message":"User verified for soham@adypu.edu.in (college email domain validated)","service":"omegle-backend","timestamp":"2025-11-12 19:14:11"}
{"level":"info","message":"User connected: mmpB87QOGImSl7GvAAAB","service":"omegle-backend","timestamp":"2025-11-12 19:14:12"}
{"level":"info","message":"🚀 Server listening on port 3000","service":"omegle-backend","timestamp":"2025-11-12 19:18:38"}
{"level":"info","message":"📝 Environment: development","service":"omegle-backend","timestamp":"2025-11-12 19:18:38"}
{"level":"warn","message":"Database not connected, using in-memory user","service":"omegle-backend","timestamp":"2025-11-12 19:19:08"}
{"level":"info","message":"User verified for sohamc@adypu.edu.in (college email domain validated)","service":"omegle-backend","timestamp":"2025-11-12 19:19:08"}
{"level":"info","message":"User connected: ujFQVkSQIoCAGf59AAAB","service":"omegle-backend","timestamp":"2025-11-12 19:19:09"}
{"level":"warn","message":"Database not connected, using in-memory user","service":"omegle-backend","timestamp":"2025-11-12 19:19:12"}
{"level":"info","message":"User verified for sohamc@adypu.edu.in (college email domain validated)","service":"omegle-backend","timestamp":"2025-11-12 19:19:12"}
{"level":"info","message":"User connected: 2JI5g5AnrCQSdnF7AAAD","service":"omegle-backend","timestamp":"2025-11-12 19:19:13"}
{"level":"info","message":"🚀 Server listening on port 3000","service":"omegle-backend","timestamp":"2025-11-12 19:43:44"}
{"level":"info","message":"📝 Environment: development","service":"omegle-backend","timestamp":"2025-11-12 19:43:44"}
{"level":"warn","message":"Database not connected, using in-memory user","service":"omegle-backend","timestamp":"2025-11-12 19:44:27"}
{"level":"info","message":"User verified for soham@adypu.edu.in (college email domain validated)","service":"omegle-backend","timestamp":"2025-11-12 19:44:27"}
{"level":"info","message":"User connected: 9ndwG3gnIVcAzDtRAAAB","service":"omegle-backend","timestamp":"2025-11-12 19:44:29"}
{"level":"warn","message":"Database not connected, using in-memory user","service":"omegle-backend","timestamp":"2025-11-12 19:44:36"}
{"level":"info","message":"User verified for sohamC@adypu.edu.in (college email domain validated)","service":"omegle-backend","timestamp":"2025-11-12 19:44:36"}
{"level":"info","message":"User connected: NDNrv2fkRrZPpkCMAAAD","service":"omegle-backend","timestamp":"2025-11-12 19:44:37"}
{"level":"info","message":"🚀 Server listening on port 3000","service":"omegle-backend","timestamp":"2025-11-12 19:55:57"}
{"level":"info","message":"📝 Environment: development","service":"omegle-backend","timestamp":"2025-11-12 19:55:57"}
{"level":"info","message":"User connected: cZYm-sECHBic7gO_AAAB","service":"omegle-backend","timestamp":"2025-11-12 19:55:58"}
{"level":"info","message":"User connected: wFOYjQaxUU0kXZ1FAAAD","service":"omegle-backend","timestamp":"2025-11-12 19:55:58"}
{"level":"info","message":"User disconnected: wFOYjQaxUU0kXZ1FAAAD","service":"omegle-backend","timestamp":"2025-11-12 19:56:12"}
{"level":"info","message":"User wFOYjQaxUU0kXZ1FAAAD removed","service":"omegle-backend","timestamp":"2025-11-12 19:56:12"}
{"level":"warn","message":"Database not connected, using in-memory user","service":"omegle-backend","timestamp":"2025-11-12 19:56:24"}
{"level":"info","message":"User verified for sohamc@adypu.edu.in (college email domain validated)","service":"omegle-backend","timestamp":"2025-11-12 19:56:24"}
{"level":"info","message":"User connected: -7gjvW_bf7-1fcAMAAAF","service":"omegle-backend","timestamp":"2025-11-12 19:56:25"}
{"level":"info","message":"User disconnected: cZYm-sECHBic7gO_AAAB","service":"omegle-backend","timestamp":"2025-11-12 19:56:26"}
{"level":"info","message":"User cZYm-sECHBic7gO_AAAB removed","service":"omegle-backend","timestamp":"2025-11-12 19:56:26"}
{"level":"info","message":"🚀 Server listening on port 3000","service":"omegle-backend","timestamp":"2025-11-12 20:04:31"}
{"level":"info","message":"📝 Environment: development","service":"omegle-backend","timestamp":"2025-11-12 20:04:31"}
{"level":"warn","message":"⚠️  MongoDB disconnected","service":"omegle-backend","timestamp":"2025-11-12 20:04:31"}
{"code":8000,"codeName":"AtlasError","connectionGeneration":0,"errorLabelSet":{},"errorResponse":{"code":8000,"codeName":"AtlasError","errmsg":"bad auth : authentication failed","ok":0},"level":"error","message":"❌ MongoDB connection error: bad auth : authentication failed","ok":0,"service":"omegle-backend","stack":"MongoServerError: bad auth : authentication failed\n    at Connection.sendCommand (/Users/sohamsaranga/Desktop/omegle-master 3/backend/node_modules/mongodb/lib/cmap/connection.js:306:27)\n    at process.processTicksAndRejections (node:internal/process/task_queues:103:5)\n    at async Connection.command (/Users/sohamsaranga/Desktop/omegle-master 3/backend/node_modules/mongodb/lib/cmap/connection.js:334:26)\n    at async continueScramConversation (/Users/sohamsaranga/Desktop/omegle-master 3/backend/node_modules/mongodb/lib/cmap/auth/scram.js:131:15)\n    at async executeScram (/Users/sohamsaranga/Desktop/omegle-master 3/backend/node_modules/mongodb/lib/cmap/auth/scram.js:80:5)\n    at async ScramSHA1.auth (/Users/sohamsaranga/Desktop/omegle-master 3/backend/node_modules/mongodb/lib/cmap/auth/scram.js:39:16)\n    at async performInitialHandshake (/Users/sohamsaranga/Desktop/omegle-master 3/backend/node_modules/mongodb/lib/cmap/connect.js:104:13)\n    at async connect (/Users/sohamsaranga/Desktop/omegle-master 3/backend/node_modules/mongodb/lib/cmap/connect.js:24:9)","timestamp":"2025-11-12 20:04:31"}
{"level":"warn","message":"⚠️  Continuing without database (development mode)","service":"omegle-backend","timestamp":"2025-11-12 20:04:31"}
{"code":8000,"codeName":"AtlasError","connectionGeneration":0,"errorLabelSet":{},"errorResponse":{"code":8000,"codeName":"AtlasError","errmsg":"bad auth : authentication failed","ok":0},"level":"error","message":"❌ MongoDB error: bad auth : authentication failed","ok":0,"service":"omegle-backend","stack":"MongoServerError: bad auth : authentication failed\n    at Connection.sendCommand (/Users/sohamsaranga/Desktop/omegle-master 3/backend/node_modules/mongodb/lib/cmap/connection.js:306:27)\n    at process.processTicksAndRejections (node:internal/process/task_queues:103:5)\n    at async Connection.command (/Users/sohamsaranga/Desktop/omegle-master 3/backend/node_modules/mongodb/lib/cmap/connection.js:334:26)\n    at async continueScramConversation (/Users/sohamsaranga/Desktop/omegle-master 3/backend/node_modules/mongodb/lib/cmap/auth/scram.js:131:15)\n    at async executeScram (/Users/sohamsaranga/Desktop/omegle-master 3/backend/node_modules/mongodb/lib/cmap/auth/scram.js:80:5)\n    at async ScramSHA1.auth (/Users/sohamsaranga/Desktop/omegle-master 3/backend/node_modules/mongodb/lib/cmap/auth/scram.js:39:16)\n    at async performInitialHandshake (/Users/sohamsaranga/Desktop/omegle-master 3/backend/node_modules/mongodb/lib/cmap/connect.js:104:13)\n    at async connect (/Users/sohamsaranga/Desktop/omegle-master 3/backend/node_modules/mongodb/lib/cmap/connect.js:24:9)","timestamp":"2025-11-12 20:04:31"}
{"level":"info","message":"User connected: 7Vx25qckpfCqWddkAAAB","service":"omegle-backend","timestamp":"2025-11-12 20:04:34"}
{"level":"info","message":"SIGINT signal received: closing HTTP server","service":"omegle-backend","timestamp":"2025-11-12 20:07:05"}
{"level":"info","message":"SIGINT signal received: closing HTTP server","service":"omegle-backend","timestamp":"2025-11-12 20:07:05"}
{"level":"info","message":"SIGINT signal received: closing HTTP server","service":"omegle-backend","timestamp":"2025-11-12 20:07:07"}
{"level":"info","message":"SIGINT signal received: closing HTTP server","service":"omegle-backend","timestamp":"2025-11-12 20:07:07"}
{"level":"info","message":"SIGINT signal received: closing HTTP server","service":"omegle-backend","timestamp":"2025-11-12 20:07:11"}
{"level":"info","message":"SIGINT signal received: closing HTTP server","service":"omegle-backend","timestamp":"2025-11-12 20:07:11"}
{"level":"info","message":"🚀 Server listening on port 3000","service":"omegle-backend","timestamp":"2025-11-12 20:07:23"}
{"level":"info","message":"📝 Environment: development","service":"omegle-backend","timestamp":"2025-11-12 20:07:23"}
{"level":"warn","message":"⚠️  MongoDB disconnected","service":"omegle-backend","timestamp":"2025-11-12 20:07:26"}
{"code":8000,"codeName":"AtlasError","connectionGeneration":0,"errorLabelSet":{},"errorResponse":{"code":8000,"codeName":"AtlasError","errmsg":"bad auth : authentication failed","ok":0},"level":"error","message":"❌ MongoDB connection error: bad auth : authentication failed","ok":0,"service":"omegle-backend","stack":"MongoServerError: bad auth : authentication failed\n    at Connection.sendCommand (/Users/sohamsaranga/Desktop/omegle-master 3/backend/node_modules/mongodb/lib/cmap/connection.js:306:27)\n    at process.processTicksAndRejections (node:internal/process/task_queues:103:5)\n    at async Connection.command (/Users/sohamsaranga/Desktop/omegle-master 3/backend/node_modules/mongodb/lib/cmap/connection.js:334:26)\n    at async continueScramConversation (/Users/sohamsaranga/Desktop/omegle-master 3/backend/node_modules/mongodb/lib/cmap/auth/scram.js:131:15)\n    at async executeScram (/Users/sohamsaranga/Desktop/omegle-master 3/backend/node_modules/mongodb/lib/cmap/auth/scram.js:80:5)\n    at async ScramSHA1.auth (/Users/sohamsaranga/Desktop/omegle-master 3/backend/node_modules/mongodb/lib/cmap/auth/scram.js:39:16)\n    at async performInitialHandshake (/Users/sohamsaranga/Desktop/omegle-master 3/backend/node_modules/mongodb/lib/cmap/connect.js:104:13)\n    at async connect (/Users/sohamsaranga/Desktop/omegle-master 3/backend/node_modules/mongodb/lib/cmap/connect.js:24:9)","timestamp":"2025-11-12 20:07:26"}
{"level":"warn","message":"⚠️  Continuing without database (development mode)","service":"omegle-backend","timestamp":"2025-11-12 20:07:26"}
{"code":8000,"codeName":"AtlasError","connectionGeneration":0,"errorLabelSet":{},"errorResponse":{"code":8000,"codeName":"AtlasError","errmsg":"bad auth : authentication failed","ok":0},"level":"error","message":"❌ MongoDB error: bad auth : authentication failed","ok":0,"service":"omegle-backend","stack":"MongoServerError: bad auth : authentication failed\n    at Connection.sendCommand (/Users/sohamsaranga/Desktop/omegle-master 3/backend/node_modules/mongodb/lib/cmap/connection.js:306:27)\n    at process.processTicksAndRejections (node:internal/process/task_queues:103:5)\n    at async Connection.command (/Users/sohamsaranga/Desktop/omegle-master 3/backend/node_modules/mongodb/lib/cmap/connection.js:334:26)\n    at async continueScramConversation (/Users/sohamsaranga/Desktop/omegle-master 3/backend/node_modules/mongodb/lib/cmap/auth/scram.js:131:15)\n    at async executeScram (/Users/sohamsaranga/Desktop/omegle-master 3/backend/node_modules/mongodb/lib/cmap/auth/scram.js:80:5)\n    at async ScramSHA1.auth (/Users/sohamsaranga/Desktop/omegle-master 3/backend/node_modules/mongodb/lib/cmap/auth/scram.js:39:16)\n    at async performInitialHandshake (/Users/sohamsaranga/Desktop/omegle-master 3/backend/node_modules/mongodb/lib/cmap/connect.js:104:13)\n    at async connect (/Users/sohamsaranga/Desktop/omegle-master 3/backend/node_modules/mongodb/lib/cmap/connect.js:24:9)","timestamp":"2025-11-12 20:07:26"}
{"level":"info","message":"User connected: epv1ZF15ikxDMD5wAAAB","service":"omegle-backend","timestamp":"2025-11-12 20:07:26"}
{"level":"info","message":"SIGINT signal received: closing HTTP server","service":"omegle-backend","timestamp":"2025-11-12 20:08:28"}
{"level":"info","message":"SIGINT signal received: closing HTTP server","service":"omegle-backend","timestamp":"2025-11-12 20:08:28"}
{"level":"info","message":"SIGINT signal received: closing HTTP server","service":"omegle-backend","timestamp":"2025-11-12 20:08:29"}
{"level":"info","message":"SIGINT signal received: closing HTTP server","service":"omegle-backend","timestamp":"2025-11-12 20:08:29"}
{"level":"info","message":"SIGINT signal received: closing HTTP server","service":"omegle-backend","timestamp":"2025-11-12 20:08:29"}
{"level":"info","message":"SIGINT signal received: closing HTTP server","service":"omegle-backend","timestamp":"2025-11-12 20:08:29"}
{"level":"info","message":"SIGINT signal received: closing HTTP server","service":"omegle-backend","timestamp":"2025-11-12 20:08:29"}
{"level":"info","message":"SIGINT signal received: closing HTTP server","service":"omegle-backend","timestamp":"2025-11-12 20:08:29"}
{"level":"info","message":"SIGINT signal received: closing HTTP server","service":"omegle-backend","timestamp":"2025-11-12 20:08:29"}
{"level":"info","message":"SIGINT signal received: closing HTTP server","service":"omegle-backend","timestamp":"2025-11-12 20:08:29"}
{"level":"info","message":"SIGINT signal received: closing HTTP server","service":"omegle-backend","timestamp":"2025-11-12 20:08:30"}
{"level":"info","message":"SIGINT signal received: closing HTTP server","service":"omegle-backend","timestamp":"2025-11-12 20:08:30"}
{"level":"info","message":"SIGINT signal received: closing HTTP server","service":"omegle-backend","timestamp":"2025-11-12 20:08:30"}
{"level":"info","message":"SIGINT signal received: closing HTTP server","service":"omegle-backend","timestamp":"2025-11-12 20:08:30"}
{"level":"info","message":"SIGINT signal received: closing HTTP server","service":"omegle-backend","timestamp":"2025-11-12 20:08:31"}
{"level":"info","message":"SIGINT signal received: closing HTTP server","service":"omegle-backend","timestamp":"2025-11-12 20:08:31"}
{"level":"info","message":"SIGINT signal received: closing HTTP server","service":"omegle-backend","timestamp":"2025-11-12 20:08:31"}
{"level":"info","message":"SIGINT signal received: closing HTTP server","service":"omegle-backend","timestamp":"2025-11-12 20:08:31"}
{"level":"info","message":"SIGINT signal received: closing HTTP server","service":"omegle-backend","timestamp":"2025-11-12 20:08:31"}
{"level":"info","message":"SIGINT signal received: closing HTTP server","service":"omegle-backend","timestamp":"2025-11-12 20:08:31"}
{"level":"info","message":"🚀 Server listening on port 3000","service":"omegle-backend","timestamp":"2025-11-12 20:08:42"}
{"level":"info","message":"📝 Environment: development","service":"omegle-backend","timestamp":"2025-11-12 20:08:42"}
{"level":"info","message":"User connected: VJYU6WABL5i1tOR5AAAB","service":"omegle-backend","timestamp":"2025-11-12 20:08:45"}
{"level":"info","message":"✅ Connected to MongoDB","service":"omegle-backend","timestamp":"2025-11-12 20:08:46"}
{"level":"info","message":"User disconnected: VJYU6WABL5i1tOR5AAAB","service":"omegle-backend","timestamp":"2025-11-12 20:08:53"}
{"level":"info","message":"User VJYU6WABL5i1tOR5AAAB removed","service":"omegle-backend","timestamp":"2025-11-12 20:08:53"}
{"level":"info","message":"User verified for soham@adypu.edu.in (college email domain validated)","service":"omegle-backend","timestamp":"2025-11-12 20:09:03"}
{"level":"info","message":"User connected: D_ajkB9vjdCFTz3rAAAD","service":"omegle-backend","timestamp":"2025-11-12 20:09:04"}
{"level":"info","message":"User User (soham@adypu.edu.in) (D_ajkB9vjdCFTz3rAAAD) joined","service":"omegle-backend","timestamp":"2025-11-12 20:09:04"}
{"level":"info","message":"User verified for sohamc@adypu.edu.in (college email domain validated)","service":"omegle-backend","timestamp":"2025-11-12 20:09:23"}
{"level":"info","message":"User connected: 8Z_wcsDl70_DSNEYAAAF","service":"omegle-backend","timestamp":"2025-11-12 20:09:23"}
{"level":"error","message":"Error saving user to database: MongoServerError: Plan executor error during findAndModify :: caused by :: E11000 duplicate key error collection: omegle-clone.users index: email_1 dup key: { email: null }","service":"omegle-backend","timestamp":"2025-11-12 20:09:23"}
{"level":"info","message":"Matching users: User and User","service":"omegle-backend","timestamp":"2025-11-12 20:09:23"}
{"level":"info","message":"User User (sohamc@adypu.edu.in) (8Z_wcsDl70_DSNEYAAAF) joined","service":"omegle-backend","timestamp":"2025-11-12 20:09:23"}
{"level":"info","message":"Room 1 created between User and User","service":"omegle-backend","timestamp":"2025-11-12 20:09:24"}
{"level":"info","message":"User disconnected: D_ajkB9vjdCFTz3rAAAD","service":"omegle-backend","timestamp":"2025-11-12 20:10:34"}
{"level":"info","message":"Room 1 deleted","service":"omegle-backend","timestamp":"2025-11-12 20:10:34"}
{"level":"info","message":"User D_ajkB9vjdCFTz3rAAAD removed","service":"omegle-backend","timestamp":"2025-11-12 20:10:34"}
{"level":"info","message":"User disconnected: 8Z_wcsDl70_DSNEYAAAF","service":"omegle-backend","timestamp":"2025-11-12 20:14:19"}
{"level":"info","message":"User 8Z_wcsDl70_DSNEYAAAF removed","service":"omegle-backend","timestamp":"2025-11-12 20:14:19"}
{"level":"info","message":"SIGINT signal received: closing HTTP server","service":"omegle-backend","timestamp":"2025-11-13 10:34:44"}
{"level":"info","message":"🚀 Server listening on port 3000","service":"omegle-backend","timestamp":"2025-11-15 19:09:05"}
{"level":"info","message":"📝 Environment: development","service":"omegle-backend","timestamp":"2025-11-15 19:09:05"}
{"level":"warn","message":"⚠️  MongoDB disconnected","service":"omegle-backend","timestamp":"2025-11-15 19:09:10"}
{"cause":{"commonWireVersion":0,"compatible":true,"heartbeatFrequencyMS":10000,"localThresholdMS":15,"logicalSessionTimeoutMinutes":null,"maxElectionId":null,"maxSetVersion":null,"servers":{"ac-iyzom99-shard-00-00.hedm1pa.mongodb.net:27017":{"$clusterTime":null,"address":"ac-iyzom99-shard-00-00.hedm1pa.mongodb.net:27017","arbiters":[],"electionId":null,"error":{"beforeHandshake":false,"errorLabelSet":{}},"hosts":[],"iscryptd":false,"lastUpdateTime":322251460,"lastWriteDate":0,"logicalSessionTimeoutMinutes":null,"maxBsonObjectSize":null,"maxMessageSizeBytes":null,"maxWireVersion":0,"maxWriteBatchSize":null,"me":null,"minRoundTripTime":0,"minWireVersion":0,"passives":[],"primary":null,"roundTripTime":-1,"setName":null,"setVersion":null,"tags":{},"topologyVersion":null,"type":"Unknown"},"ac-iyzom99-shard-00-01.hedm1pa.mongodb.net:27017":{"$clusterTime":null,"address":"ac-iyzom99-shard-00-01.hedm1pa.mongodb.net:27017","arbiters":[],"electionId":null,"error":{"beforeHandshake":false,"errorLabelSet":{}},"hosts":[],"iscryptd":false,"lastUpdateTime":322251455,"lastWriteDate":0,"logicalSessionTimeoutMinutes":null,"maxBsonObjectSize":null,"maxMessageSizeBytes":null,"maxWireVersion":0,"maxWriteBatchSize":null,"me":null,"minRoundTripTime":0,"minWireVersion":0,"passives":[],"primary":null,"roundTripTime":-1,"setName":null,"setVersion":null,"tags":{},"topologyVersion":null,"type":"Unknown"},"ac-iyzom99-shard-00-02.hedm1pa.mongodb.net:27017":{"$clusterTime":null,"address":"ac-iyzom99-shard-00-02.hedm1pa.mongodb.net:27017","arbiters":[],"electionId":null,"error":{"beforeHandshake":false,"errorLabelSet":{}},"hosts":[],"iscryptd":false,"lastUpdateTime":322251466,"lastWriteDate":0,"logicalSessionTimeoutMinutes":null,"maxBsonObjectSize":null,"maxMessageSizeBytes":null,"maxWireVersion":0,"maxWriteBatchSize":null,"me":null,"minRoundTripTime":0,"minWireVersion":0,"passives":[],"primary":null,"roundTripTime":-1,"setName":null,"setVersion":null,"tags":{},"topologyVersion":null,"type":"Unknown"}},"setName":"atlas-il2ypw-shard-0","stale":false,"type":"ReplicaSetNoPrimary"},"errorLabelSet":{},"level":"error","message":"Could not connect to any servers in your MongoDB Atlas cluster. One common reason is that you're trying to access the database from an IP that isn't whitelisted. Make sure your current IP address is on your Atlas cluster's IP whitelist: https://www.mongodb.com/docs/atlas/security-whitelist/","reason":{"commonWireVersion":0,"compatible":true,"heartbeatFrequencyMS":10000,"localThresholdMS":15,"logicalSessionTimeoutMinutes":null,"maxElectionId":null,"maxSetVersion":null,"servers":{"ac-iyzom99-shard-00-00.hedm1pa.mongodb.net:27017":{"$clusterTime":null,"address":"ac-iyzom99-shard-00-00.hedm1pa.mongodb.net:27017","arbiters":[],"electionId":null,"error":{"beforeHandshake":false,"errorLabelSet":{}},"hosts":[],"iscryptd":false,"lastUpdateTime":322251460,"lastWriteDate":0,"logicalSessionTimeoutMinutes":null,"maxBsonObjectSize":null,"maxMessageSizeBytes":null,"maxWireVersion":0,"maxWriteBatchSize":null,"me":null,"minRoundTripTime":0,"minWireVersion":0,"passives":[],"primary":null,"roundTripTime":-1,"setName":null,"setVersion":null,"tags":{},"topologyVersion":null,"type":"Unknown"},"ac-iyzom99-shard-00-01.hedm1pa.mongodb.net:27017":{"$clusterTime":null,"address":"ac-iyzom99-shard-00-01.hedm1pa.mongodb.net:27017","arbiters":[],"electionId":null,"error":{"beforeHandshake":false,"errorLabelSet":{}},"hosts":[],"iscryptd":false,"lastUpdateTime":322251455,"lastWriteDate":0,"logicalSessionTimeoutMinutes":null,"maxBsonObjectSize":null,"maxMessageSizeBytes":null,"maxWireVersion":0,"maxWriteBatchSize":null,"me":null,"minRoundTripTime":0,"minWireVersion":0,"passives":[],"primary":null,"roundTripTime":-1,"setName":null,"setVersion":null,"tags":{},"topologyVersion":null,"type":"Unknown"},"ac-iyzom99-shard-00-02.hedm1pa.mongodb.net:27017":{"$clusterTime":null,"address":"ac-iyzom99-shard-00-02.hedm1pa.mongodb.net:27017","arbiters":[],"electionId":null,"error":{"beforeHandshake":false,"errorLabelSet":{}},"hosts":[],"iscryptd":false,"lastUpdateTime":322251466,"lastWriteDate":0,"logicalSessionTimeoutMinutes":null,"maxBsonObjectSize":null,"maxMessageSizeBytes":null,"maxWireVersion":0,"maxWriteBatchSize":null,"me":null,"minRoundTripTime":0,"minWireVersion":0,"passives":[],"primary":null,"roundTripTime":-1,"setName":null,"setVersion":null,"tags":{},"topologyVersion":null,"type":"Unknown"}},"setName":"atlas-il2ypw-shard-0","stale":false,"type":"ReplicaSetNoPrimary"},"service":"omegle-backend","stack":"MongooseServerSelectionError: Could not connect to any servers in your MongoDB Atlas cluster. One common reason is that you're trying to access the database from an IP that isn't whitelisted. Make sure your current IP address is on your Atlas cluster's IP whitelist: https://www.mongodb.com/docs/atlas/security-whitelist/\n    at _handleConnectionErrors (/Users/sohamsaranga/Desktop/omegle-master 3/backend/node_modules/mongoose/lib/connection.js:1169:11)\n    at NativeConnection.openUri (/Users/sohamsaranga/Desktop/omegle-master 3/backend/node_modules/mongoose/lib/connection.js:1100:11)","timestamp":"2025-11-15 19:09:10"}
{"level":"warn","message":"⚠️  Continuing without database (development mode)","service":"omegle-backend","timestamp":"2025-11-15 19:09:10"}
{"cause":{"beforeHandshake":false,"errorLabelSet":{}},"errorLabelSet":{},"level":"error","message":"❌ MongoDB error: 40F251EE01000000:error:0A000438:SSL routines:ssl3_read_bytes:tlsv1 alert internal error:ssl/record/rec_layer_s3.c:916:SSL alert number 80\n","reason":{"commonWireVersion":0,"compatible":true,"heartbeatFrequencyMS":10000,"localThresholdMS":15,"logicalSessionTimeoutMinutes":null,"maxElectionId":null,"maxSetVersion":null,"servers":{"ac-iyzom99-shard-00-00.hedm1pa.mongodb.net:27017":{"$clusterTime":null,"address":"ac-iyzom99-shard-00-00.hedm1pa.mongodb.net:27017","arbiters":[],"electionId":null,"error":{"beforeHandshake":false,"errorLabelSet":{}},"hosts":[],"iscryptd":false,"lastUpdateTime":322251460,"lastWriteDate":0,"logicalSessionTimeoutMinutes":null,"maxBsonObjectSize":null,"maxMessageSizeBytes":null,"maxWireVersion":0,"maxWriteBatchSize":null,"me":null,"minRoundTripTime":0,"minWireVersion":0,"passives":[],"primary":null,"roundTripTime":-1,"setName":null,"setVersion":null,"tags":{},"topologyVersion":null,"type":"Unknown"},"ac-iyzom99-shard-00-01.hedm1pa.mongodb.net:27017":{"$clusterTime":null,"address":"ac-iyzom99-shard-00-01.hedm1pa.mongodb.net:27017","arbiters":[],"electionId":null,"error":{"beforeHandshake":false,"errorLabelSet":{}},"hosts":[],"iscryptd":false,"lastUpdateTime":322251455,"lastWriteDate":0,"logicalSessionTimeoutMinutes":null,"maxBsonObjectSize":null,"maxMessageSizeBytes":null,"maxWireVersion":0,"maxWriteBatchSize":null,"me":null,"minRoundTripTime":0,"minWireVersion":0,"passives":[],"primary":null,"roundTripTime":-1,"setName":null,"setVersion":null,"tags":{},"topologyVersion":null,"type":"Unknown"},"ac-iyzom99-shard-00-02.hedm1pa.mongodb.net:27017":{"$clusterTime":null,"address":"ac-iyzom99-shard-00-02.hedm1pa.mongodb.net:27017","arbiters":[],"electionId":null,"error":{"beforeHandshake":false,"errorLabelSet":{}},"hosts":[],"iscryptd":false,"lastUpdateTime":322251466,"lastWriteDate":0,"logicalSessionTimeoutMinutes":null,"maxBsonObjectSize":null,"maxMessageSizeBytes":null,"maxWireVersion":0,"maxWriteBatchSize":null,"me":null,"minRoundTripTime":0,"minWireVersion":0,"passives":[],"primary":null,"roundTripTime":-1,"setName":null,"setVersion":null,"tags":{},"topologyVersion":null,"type":"Unknown"}},"setName":"atlas-il2ypw-shard-0","stale":false,"type":"ReplicaSetNoPrimary"},"service":"omegle-backend","stack":"MongoServerSelectionError: 40F251EE01000000:error:0A000438:SSL routines:ssl3_read_bytes:tlsv1 alert internal error:ssl/record/rec_layer_s3.c:916:SSL alert number 80\n\n    at Topology.selectServer (/Users/sohamsaranga/Desktop/omegle-master 3/backend/node_modules/mongodb/lib/sdam/topology.js:327:38)\n    at async Topology._connect (/Users/sohamsaranga/Desktop/omegle-master 3/backend/node_modules/mongodb/lib/sdam/topology.js:200:28)\n    at async Topology.connect (/Users/sohamsaranga/Desktop/omegle-master 3/backend/node_modules/mongodb/lib/sdam/topology.js:152:13)\n    at async topologyConnect (/Users/sohamsaranga/Desktop/omegle-master 3/backend/node_modules/mongodb/lib/mongo_client.js:264:17)\n    at async MongoClient._connect (/Users/sohamsaranga/Desktop/omegle-master 3/backend/node_modules/mongodb/lib/mongo_client.js:277:13)\n    at async MongoClient.connect (/Users/sohamsaranga/Desktop/omegle-master 3/backend/node_modules/mongodb/lib/mongo_client.js:202:13)\n    at async NativeConnection.createClient (/Users/sohamsaranga/Desktop/omegle-master 3/backend/node_modules/mongoose/lib/drivers/node-mongodb-native/connection.js:351:3)\n    at async NativeConnection.openUri (/Users/sohamsaranga/Desktop/omegle-master 3/backend/node_modules/mongoose/lib/connection.js:1098:5)","timestamp":"2025-11-15 19:09:10"}
{"level":"warn","message":"Database not connected, using in-memory user","service":"omegle-backend","timestamp":"2025-11-15 19:09:31"}
{"level":"info","message":"User verified for soham.saranga@adypu.edu.in (college email domain validated)","service":"omegle-backend","timestamp":"2025-11-15 19:09:31"}
{"level":"info","message":"User connected: n2bkB8n2nj_YJQh6AAAB","service":"omegle-backend","timestamp":"2025-11-15 19:09:32"}
{"level":"info","message":"🚀 Server listening on port 3000","service":"omegle-backend","timestamp":"2025-11-15 19:13:13"}
{"level":"info","message":"📝 Environment: development","service":"omegle-backend","timestamp":"2025-11-15 19:13:13"}
{"level":"info","message":"User connected: -fE11HLKnD1aDDEWAAAB","service":"omegle-backend","timestamp":"2025-11-15 19:13:16"}
{"level":"warn","message":"⚠️  MongoDB disconnected","service":"omegle-backend","timestamp":"2025-11-15 19:13:18"}
{"cause":{"commonWireVersion":0,"compatible":true,"heartbeatFrequencyMS":10000,"localThresholdMS":15,"logicalSessionTimeoutMinutes":null,"maxElectionId":null,"maxSetVersion":null,"servers":{"ac-iyzom99-shard-00-00.hedm1pa.mongodb.net:27017":{"$clusterTime":null,"address":"ac-iyzom99-shard-00-00.hedm1pa.mongodb.net:27017","arbiters":[],"electionId":null,"error":{"beforeHandshake":false,"errorLabelSet":{}},"hosts":[],"iscryptd":false,"lastUpdateTime":322499362,"lastWriteDate":0,"logicalSessionTimeoutMinutes":null,"maxBsonObjectSize":null,"maxMessageSizeBytes":null,"maxWireVersion":0,"maxWriteBatchSize":null,"me":null,"minRoundTripTime":0,"minWireVersion":0,"passives":[],"primary":null,"roundTripTime":-1,"setName":null,"setVersion":null,"tags":{},"topologyVersion":null,"type":"Unknown"},"ac-iyzom99-shard-00-01.hedm1pa.mongodb.net:27017":{"$clusterTime":null,"address":"ac-iyzom99-shard-00-01.hedm1pa.mongodb.net:27017","arbiters":[],"electionId":null,"error":{"beforeHandshake":false,"errorLabelSet":{}},"hosts":[],"iscryptd":false,"lastUpdateTime":322499360,"lastWriteDate":0,"logicalSessionTimeoutMinutes":null,"maxBsonObjectSize":null,"maxMessageSizeBytes":null,"maxWireVersion":0,"maxWriteBatchSize":null,"me":null,"minRoundTripTime":0,"minWireVersion":0,"passives":[],"primary":null,"roundTripTime":-1,"setName":null,"setVersion":null,"tags":{},"topologyVersion":null,"type":"Unknown"},"ac-iyzom99-shard-00-02.hedm1pa.mongodb.net:27017":{"$clusterTime":null,"address":"ac-iyzom99-shard-00-02.hedm1pa.mongodb.net:27017","arbiters":[],"electionId":null,"error":{"beforeHandshake":false,"errorLabelSet":{}},"hosts":[],"iscryptd":false,"lastUpdateTime":322499041,"lastWriteDate":0,"logicalSessionTimeoutMinutes":null,"maxBsonObjectSize":null,"maxMessageSizeBytes":null,"maxWireVersion":0,"maxWriteBatchSize":null,"me":null,"minRoundTripTime":0,"minWireVersion":0,"passives":[],"primary":null,"roundTripTime":-1,"setName":null,"setVersion":null,"tags":{},"topologyVersion":null,"type":"Unknown"}},"setName":"atlas-il2ypw-shard-0","stale":false,"type":"ReplicaSetNoPrimary"},"errorLabelSet":{},"level":"error","message":"Could not connect to any servers in your MongoDB Atlas cluster. One common reason is that you're trying to access the database from an IP that isn't whitelisted. Make sure your current IP address is on your Atlas cluster's IP whitelist: https://www.mongodb.com/docs/atlas/security-whitelist/","reason":{"commonWireVersion":0,"compatible":true,"heartbeatFrequencyMS":10000,"localThresholdMS":15,"logicalSessionTimeoutMinutes":null,"maxElectionId":null,"maxSetVersion":null,"servers":{"ac-iyzom99-shard-00-00.hedm1pa.mongodb.net:27017":{"$clusterTime":null,"address":"ac-iyzom99-shard-00-00.hedm1pa.mongodb.net:27017","arbiters":[],"electionId":null,"error":{"beforeHandshake":false,"errorLabelSet":{}},"hosts":[],"iscryptd":false,"lastUpdateTime":322499362,"lastWriteDate":0,"logicalSessionTimeoutMinutes":null,"maxBsonObjectSize":null,"maxMessageSizeBytes":null,"maxWireVersion":0,"maxWriteBatchSize":null,"me":null,"minRoundTripTime":0,"minWireVersion":0,"passives":[],"primary":null,"roundTripTime":-1,"setName":null,"setVersion":null,"tags":{},"topologyVersion":null,"type":"Unknown"},"ac-iyzom99-shard-00-01.hedm1pa.mongodb.net:27017":{"$clusterTime":null,"address":"ac-iyzom99-shard-00-01.hedm1pa.mongodb.net:27017","arbiters":[],"electionId":null,"error":{"beforeHandshake":false,"errorLabelSet":{}},"hosts":[],"iscryptd":false,"lastUpdateTime":322499360,"lastWriteDate":0,"logicalSessionTimeoutMinutes":null,"maxBsonObjectSize":null,"maxMessageSizeBytes":null,"maxWireVersion":0,"maxWriteBatchSize":null,"me":null,"minRoundTripTime":0,"minWireVersion":0,"passives":[],"primary":null,"roundTripTime":-1,"setName":null,"setVersion":null,"tags":{},"topologyVersion":null,"type":"Unknown"},"ac-iyzom99-shard-00-02.hedm1pa.mongodb.net:27017":{"$clusterTime":null,"address":"ac-iyzom99-shard-00-02.hedm1pa.mongodb.net:27017","arbiters":[],"electionId":null,"error":{"beforeHandshake":false,"errorLabelSet":{}},"hosts":[],"iscryptd":false,"lastUpdateTime":322499041,"lastWriteDate":0,"logicalSessionTimeoutMinutes":null,"maxBsonObjectSize":null,"maxMessageSizeBytes":null,"maxWireVersion":0,"maxWriteBatchSize":null,"me":null,"minRoundTripTime":0,"minWireVersion":0,"passives":[],"primary":null,"roundTripTime":-1,"setName":null,"setVersion":null,"tags":{},"topologyVersion":null,"type":"Unknown"}},"setName":"atlas-il2ypw-shard-0","stale":false,"type":"ReplicaSetNoPrimary"},"service":"omegle-backend","stack":"MongooseServerSelectionError: Could not connect to any servers in your MongoDB Atlas cluster. One common reason is that you're trying to access the database from an IP that isn't whitelisted. Make sure your current IP address is on your Atlas cluster's IP whitelist: https://www.mongodb.com/docs/atlas/security-whitelist/\n    at _handleConnectionErrors (/Users/sohamsaranga/Desktop/omegle-master 3/backend/node_modules/mongoose/lib/connection.js:1169:11)\n    at NativeConnection.openUri (/Users/sohamsaranga/Desktop/omegle-master 3/backend/node_modules/mongoose/lib/connection.js:1100:11)","timestamp":"2025-11-15 19:13:18"}
{"level":"warn","message":"⚠️  Continuing without database (development mode)","service":"omegle-backend","timestamp":"2025-11-15 19:13:18"}
{"cause":{"beforeHandshake":false,"errorLabelSet":{}},"errorLabelSet":{},"level":"error","message":"❌ MongoDB error: 40F251EE01000000:error:0A000438:SSL routines:ssl3_read_bytes:tlsv1 alert internal error:ssl/record/rec_layer_s3.c:916:SSL alert number 80\n","reason":{"commonWireVersion":0,"compatible":true,"heartbeatFrequencyMS":10000,"localThresholdMS":15,"logicalSessionTimeoutMinutes":null,"maxElectionId":null,"maxSetVersion":null,"servers":{"ac-iyzom99-shard-00-00.hedm1pa.mongodb.net:27017":{"$clusterTime":null,"address":"ac-iyzom99-shard-00-00.hedm1pa.mongodb.net:27017","arbiters":[],"electionId":null,"error":{"beforeHandshake":false,"errorLabelSet":{}},"hosts":[],"iscryptd":false,"lastUpdateTime":322499362,"lastWriteDate":0,"logicalSessionTimeoutMinutes":null,"maxBsonObjectSize":null,"maxMessageSizeBytes":null,"maxWireVersion":0,"maxWriteBatchSize":null,"me":null,"minRoundTripTime":0,"minWireVersion":0,"passives":[],"primary":null,"roundTripTime":-1,"setName":null,"setVersion":null,"tags":{},"topologyVersion":null,"type":"Unknown"},"ac-iyzom99-shard-00-01.hedm1pa.mongodb.net:27017":{"$clusterTime":null,"address":"ac-iyzom99-shard-00-01.hedm1pa.mongodb.net:27017","arbiters":[],"electionId":null,"error":{"beforeHandshake":false,"errorLabelSet":{}},"hosts":[],"iscryptd":false,"lastUpdateTime":322499360,"lastWriteDate":0,"logicalSessionTimeoutMinutes":null,"maxBsonObjectSize":null,"maxMessageSizeBytes":null,"maxWireVersion":0,"maxWriteBatchSize":null,"me":null,"minRoundTripTime":0,"minWireVersion":0,"passives":[],"primary":null,"roundTripTime":-1,"setName":null,"setVersion":null,"tags":{},"topologyVersion":null,"type":"Unknown"},"ac-iyzom99-shard-00-02.hedm1pa.mongodb.net:27017":{"$clusterTime":null,"address":"ac-iyzom99-shard-00-02.hedm1pa.mongodb.net:27017","arbiters":[],"electionId":null,"error":{"beforeHandshake":false,"errorLabelSet":{}},"hosts":[],"iscryptd":false,"lastUpdateTime":322499041,"lastWriteDate":0,"logicalSessionTimeoutMinutes":null,"maxBsonObjectSize":null,"maxMessageSizeBytes":null,"maxWireVersion":0,"maxWriteBatchSize":null,"me":null,"minRoundTripTime":0,"minWireVersion":0,"passives":[],"primary":null,"roundTripTime":-1,"setName":null,"setVersion":null,"tags":{},"topologyVersion":null,"type":"Unknown"}},"setName":"atlas-il2ypw-shard-0","stale":false,"type":"ReplicaSetNoPrimary"},"service":"omegle-backend","stack":"MongoServerSelectionError: 40F251EE01000000:error:0A000438:SSL routines:ssl3_read_bytes:tlsv1 alert internal error:ssl/record/rec_layer_s3.c:916:SSL alert number 80\n\n    at Topology.selectServer (/Users/sohamsaranga/Desktop/omegle-master 3/backend/node_modules/mongodb/lib/sdam/topology.js:327:38)\n    at async Topology._connect (/Users/sohamsaranga/Desktop/omegle-master 3/backend/node_modules/mongodb/lib/sdam/topology.js:200:28)\n    at async Topology.connect (/Users/sohamsaranga/Desktop/omegle-master 3/backend/node_modules/mongodb/lib/sdam/topology.js:152:13)\n    at async topologyConnect (/Users/sohamsaranga/Desktop/omegle-master 3/backend/node_modules/mongodb/lib/mongo_client.js:264:17)\n    at async MongoClient._connect (/Users/sohamsaranga/Desktop/omegle-master 3/backend/node_modules/mongodb/lib/mongo_client.js:277:13)\n    at async MongoClient.connect (/Users/sohamsaranga/Desktop/omegle-master 3/backend/node_modules/mongodb/lib/mongo_client.js:202:13)\n    at async NativeConnection.createClient (/Users/sohamsaranga/Desktop/omegle-master 3/backend/node_modules/mongoose/lib/drivers/node-mongodb-native/connection.js:351:3)\n    at async NativeConnection.openUri (/Users/sohamsaranga/Desktop/omegle-master 3/backend/node_modules/mongoose/lib/connection.js:1098:5)","timestamp":"2025-11-15 19:13:18"}
{"level":"info","message":"SIGINT signal received: closing HTTP server","service":"omegle-backend","timestamp":"2025-11-15 19:16:08"}
{"level":"info","message":"SIGINT signal received: closing HTTP server","service":"omegle-backend","timestamp":"2025-11-15 19:16:08"}
{"level":"info","message":"SIGINT signal received: closing HTTP server","service":"omegle-backend","timestamp":"2025-11-15 19:16:10"}
{"level":"info","message":"SIGINT signal received: closing HTTP server","service":"omegle-backend","timestamp":"2025-11-15 19:16:10"}
{"level":"info","message":"🚀 Server listening on port 3000","service":"omegle-backend","timestamp":"2025-11-15 19:16:26"}
{"level":"info","message":"📝 Environment: development","service":"omegle-backend","timestamp":"2025-11-15 19:16:26"}
{"level":"info","message":"User connected: yqV-d-AqyO5mNktNAAAB","service":"omegle-backend","timestamp":"2025-11-15 19:16:26"}
{"level":"warn","message":"⚠️  MongoDB disconnected","service":"omegle-backend","timestamp":"2025-11-15 19:16:31"}
{"cause":{"commonWireVersion":0,"compatible":true,"heartbeatFrequencyMS":10000,"localThresholdMS":15,"logicalSessionTimeoutMinutes":null,"maxElectionId":null,"maxSetVersion":null,"servers":{"ac-iyzom99-shard-00-00.hedm1pa.mongodb.net:27017":{"$clusterTime":null,"address":"ac-iyzom99-shard-00-00.hedm1pa.mongodb.net:27017","arbiters":[],"electionId":null,"error":{"beforeHandshake":false,"errorLabelSet":{}},"hosts":[],"iscryptd":false,"lastUpdateTime":322691873,"lastWriteDate":0,"logicalSessionTimeoutMinutes":null,"maxBsonObjectSize":null,"maxMessageSizeBytes":null,"maxWireVersion":0,"maxWriteBatchSize":null,"me":null,"minRoundTripTime":0,"minWireVersion":0,"passives":[],"primary":null,"roundTripTime":-1,"setName":null,"setVersion":null,"tags":{},"topologyVersion":null,"type":"Unknown"},"ac-iyzom99-shard-00-01.hedm1pa.mongodb.net:27017":{"$clusterTime":null,"address":"ac-iyzom99-shard-00-01.hedm1pa.mongodb.net:27017","arbiters":[],"electionId":null,"error":{"beforeHandshake":false,"errorLabelSet":{}},"hosts":[],"iscryptd":false,"lastUpdateTime":322691801,"lastWriteDate":0,"logicalSessionTimeoutMinutes":null,"maxBsonObjectSize":null,"maxMessageSizeBytes":null,"maxWireVersion":0,"maxWriteBatchSize":null,"me":null,"minRoundTripTime":0,"minWireVersion":0,"passives":[],"primary":null,"roundTripTime":-1,"setName":null,"setVersion":null,"tags":{},"topologyVersion":null,"type":"Unknown"},"ac-iyzom99-shard-00-02.hedm1pa.mongodb.net:27017":{"$clusterTime":null,"address":"ac-iyzom99-shard-00-02.hedm1pa.mongodb.net:27017","arbiters":[],"electionId":null,"error":{"beforeHandshake":false,"errorLabelSet":{}},"hosts":[],"iscryptd":false,"lastUpdateTime":322691755,"lastWriteDate":0,"logicalSessionTimeoutMinutes":null,"maxBsonObjectSize":null,"maxMessageSizeBytes":null,"maxWireVersion":0,"maxWriteBatchSize":null,"me":null,"minRoundTripTime":0,"minWireVersion":0,"passives":[],"primary":null,"roundTripTime":-1,"setName":null,"setVersion":null,"tags":{},"topologyVersion":null,"type":"Unknown"}},"setName":"atlas-il2ypw-shard-0","stale":false,"type":"ReplicaSetNoPrimary"},"errorLabelSet":{},"level":"error","message":"Could not connect to any servers in your MongoDB Atlas cluster. One common reason is that you're trying to access the database from an IP that isn't whitelisted. Make sure your current IP address is on your Atlas cluster's IP whitelist: https://www.mongodb.com/docs/atlas/security-whitelist/","reason":{"commonWireVersion":0,"compatible":true,"heartbeatFrequencyMS":10000,"localThresholdMS":15,"logicalSessionTimeoutMinutes":null,"maxElectionId":null,"maxSetVersion":null,"servers":{"ac-iyzom99-shard-00-00.hedm1pa.mongodb.net:27017":{"$clusterTime":null,"address":"ac-iyzom99-shard-00-00.hedm1pa.mongodb.net:27017","arbiters":[],"electionId":null,"error":{"beforeHandshake":false,"errorLabelSet":{}},"hosts":[],"iscryptd":false,"lastUpdateTime":322691873,"lastWriteDate":0,"logicalSessionTimeoutMinutes":null,"maxBsonObjectSize":null,"maxMessageSizeBytes":null,"maxWireVersion":0,"maxWriteBatchSize":null,"me":null,"minRoundTripTime":0,"minWireVersion":0,"passives":[],"primary":null,"roundTripTime":-1,"setName":null,"setVersion":null,"tags":{},"topologyVersion":null,"type":"Unknown"},"ac-iyzom99-shard-00-01.hedm1pa.mongodb.net:27017":{"$clusterTime":null,"address":"ac-iyzom99-shard-00-01.hedm1pa.mongodb.net:27017","arbiters":[],"electionId":null,"error":{"beforeHandshake":false,"errorLabelSet":{}},"hosts":[],"iscryptd":false,"lastUpdateTime":322691801,"lastWriteDate":0,"logicalSessionTimeoutMinutes":null,"maxBsonObjectSize":null,"maxMessageSizeBytes":null,"maxWireVersion":0,"maxWriteBatchSize":null,"me":null,"minRoundTripTime":0,"minWireVersion":0,"passives":[],"primary":null,"roundTripTime":-1,"setName":null,"setVersion":null,"tags":{},"topologyVersion":null,"type":"Unknown"},"ac-iyzom99-shard-00-02.hedm1pa.mongodb.net:27017":{"$clusterTime":null,"address":"ac-iyzom99-shard-00-02.hedm1pa.mongodb.net:27017","arbiters":[],"electionId":null,"error":{"beforeHandshake":false,"errorLabelSet":{}},"hosts":[],"iscryptd":false,"lastUpdateTime":322691755,"lastWriteDate":0,"logicalSessionTimeoutMinutes":null,"maxBsonObjectSize":null,"maxMessageSizeBytes":null,"maxWireVersion":0,"maxWriteBatchSize":null,"me":null,"minRoundTripTime":0,"minWireVersion":0,"passives":[],"primary":null,"roundTripTime":-1,"setName":null,"setVersion":null,"tags":{},"topologyVersion":null,"type":"Unknown"}},"setName":"atlas-il2ypw-shard-0","stale":false,"type":"ReplicaSetNoPrimary"},"service":"omegle-backend","stack":"MongooseServerSelectionError: Could not connect to any servers in your MongoDB Atlas cluster. One common reason is that you're trying to access the database from an IP that isn't whitelisted. Make sure your current IP address is on your Atlas cluster's IP whitelist: https://www.mongodb.com/docs/atlas/security-whitelist/\n    at _handleConnectionErrors (/Users/sohamsaranga/Desktop/omegle-master 3/backend/node_modules/mongoose/lib/connection.js:1169:11)\n    at NativeConnection.openUri (/Users/sohamsaranga/Desktop/omegle-master 3/backend/node_modules/mongoose/lib/connection.js:1100:11)","timestamp":"2025-11-15 19:16:31"}
{"level":"warn","message":"⚠️  Continuing without database (development mode)","service":"omegle-backend","timestamp":"2025-11-15 19:16:31"}
{"cause":{"beforeHandshake":false,"errorLabelSet":{}},"errorLabelSet":{},"level":"error","message":"❌ MongoDB error: 40F251EE01000000:error:0A000438:SSL routines:ssl3_read_bytes:tlsv1 alert internal error:ssl/record/rec_layer_s3.c:916:SSL alert number 80\n","reason":{"commonWireVersion":0,"compatible":true,"heartbeatFrequencyMS":10000,"localThresholdMS":15,"logicalSessionTimeoutMinutes":null,"maxElectionId":null,"maxSetVersion":null,"servers":{"ac-iyzom99-shard-00-00.hedm1pa.mongodb.net:27017":{"$clusterTime":null,"address":"ac-iyzom99-shard-00-00.hedm1pa.mongodb.net:27017","arbiters":[],"electionId":null,"error":{"beforeHandshake":false,"errorLabelSet":{}},"hosts":[],"iscryptd":false,"lastUpdateTime":322691873,"lastWriteDate":0,"logicalSessionTimeoutMinutes":null,"maxBsonObjectSize":null,"maxMessageSizeBytes":null,"maxWireVersion":0,"maxWriteBatchSize":null,"me":null,"minRoundTripTime":0,"minWireVersion":0,"passives":[],"primary":null,"roundTripTime":-1,"setName":null,"setVersion":null,"tags":{},"topologyVersion":null,"type":"Unknown"},"ac-iyzom99-shard-00-01.hedm1pa.mongodb.net:27017":{"$clusterTime":null,"address":"ac-iyzom99-shard-00-01.hedm1pa.mongodb.net:27017","arbiters":[],"electionId":null,"error":{"beforeHandshake":false,"errorLabelSet":{}},"hosts":[],"iscryptd":false,"lastUpdateTime":322691801,"lastWriteDate":0,"logicalSessionTimeoutMinutes":null,"maxBsonObjectSize":null,"maxMessageSizeBytes":null,"maxWireVersion":0,"maxWriteBatchSize":null,"me":null,"minRoundTripTime":0,"minWireVersion":0,"passives":[],"primary":null,"roundTripTime":-1,"setName":null,"setVersion":null,"tags":{},"topologyVersion":null,"type":"Unknown"},"ac-iyzom99-shard-00-02.hedm1pa.mongodb.net:27017":{"$clusterTime":null,"address":"ac-iyzom99-shard-00-02.hedm1pa.mongodb.net:27017","arbiters":[],"electionId":null,"error":{"beforeHandshake":false,"errorLabelSet":{}},"hosts":[],"iscryptd":false,"lastUpdateTime":322691755,"lastWriteDate":0,"logicalSessionTimeoutMinutes":null,"maxBsonObjectSize":null,"maxMessageSizeBytes":null,"maxWireVersion":0,"maxWriteBatchSize":null,"me":null,"minRoundTripTime":0,"minWireVersion":0,"passives":[],"primary":null,"roundTripTime":-1,"setName":null,"setVersion":null,"tags":{},"topologyVersion":null,"type":"Unknown"}},"setName":"atlas-il2ypw-shard-0","stale":false,"type":"ReplicaSetNoPrimary"},"service":"omegle-backend","stack":"MongoServerSelectionError: 40F251EE01000000:error:0A000438:SSL routines:ssl3_read_bytes:tlsv1 alert internal error:ssl/record/rec_layer_s3.c:916:SSL alert number 80\n\n    at Topology.selectServer (/Users/sohamsaranga/Desktop/omegle-master 3/backend/node_modules/mongodb/lib/sdam/topology.js:327:38)\n    at async Topology._connect (/Users/sohamsaranga/Desktop/omegle-master 3/backend/node_modules/mongodb/lib/sdam/topology.js:200:28)\n    at async Topology.connect (/Users/sohamsaranga/Desktop/omegle-master 3/backend/node_modules/mongodb/lib/sdam/topology.js:152:13)\n    at async topologyConnect (/Users/sohamsaranga/Desktop/omegle-master 3/backend/node_modules/mongodb/lib/mongo_client.js:264:17)\n    at async MongoClient._connect (/Users/sohamsaranga/Desktop/omegle-master 3/backend/node_modules/mongodb/lib/mongo_client.js:277:13)\n    at async MongoClient.connect (/Users/sohamsaranga/Desktop/omegle-master 3/backend/node_modules/mongodb/lib/mongo_client.js:202:13)\n    at async NativeConnection.createClient (/Users/sohamsaranga/Desktop/omegle-master 3/backend/node_modules/mongoose/lib/drivers/node-mongodb-native/connection.js:351:3)\n    at async NativeConnection.openUri (/Users/sohamsaranga/Desktop/omegle-master 3/backend/node_modules/mongoose/lib/connection.js:1098:5)","timestamp":"2025-11-15 19:16:31"}
{"level":"warn","message":"Database not connected, using in-memory user","service":"omegle-backend","timestamp":"2025-11-15 19:16:52"}
{"level":"info","message":"User verified for rem@adypu.edu.in (college email domain validated)","service":"omegle-backend","timestamp":"2025-11-15 19:16:52"}
{"level":"info","message":"User connected: zCdz0BE3758GQ6udAAAD","service":"omegle-backend","timestamp":"2025-11-15 19:16:53"}
{"level":"info","message":"🚀 Server listening on port 3000","service":"omegle-backend","timestamp":"2025-11-15 19:21:10"}
{"level":"info","message":"📝 Environment: development","service":"omegle-backend","timestamp":"2025-11-15 19:21:10"}
{"level":"info","message":"User connected: VCoIJFrBVg0lM7WnAAAB","service":"omegle-backend","timestamp":"2025-11-15 19:21:11"}
{"level":"info","message":"User connected: WIBVtZ8YDG2HQUgaAAAD","service":"omegle-backend","timestamp":"2025-11-15 19:21:15"}
{"level":"warn","message":"⚠️  MongoDB disconnected","service":"omegle-backend","timestamp":"2025-11-15 19:21:15"}
{"cause":{"commonWireVersion":0,"compatible":true,"heartbeatFrequencyMS":10000,"localThresholdMS":15,"logicalSessionTimeoutMinutes":null,"maxElectionId":null,"maxSetVersion":null,"servers":{"ac-iyzom99-shard-00-00.hedm1pa.mongodb.net:27017":{"$clusterTime":null,"address":"ac-iyzom99-shard-00-00.hedm1pa.mongodb.net:27017","arbiters":[],"electionId":null,"error":{"beforeHandshake":false,"errorLabelSet":{}},"hosts":[],"iscryptd":false,"lastUpdateTime":322976173,"lastWriteDate":0,"logicalSessionTimeoutMinutes":null,"maxBsonObjectSize":null,"maxMessageSizeBytes":null,"maxWireVersion":0,"maxWriteBatchSize":null,"me":null,"minRoundTripTime":0,"minWireVersion":0,"passives":[],"primary":null,"roundTripTime":-1,"setName":null,"setVersion":null,"tags":{},"topologyVersion":null,"type":"Unknown"},"ac-iyzom99-shard-00-01.hedm1pa.mongodb.net:27017":{"$clusterTime":null,"address":"ac-iyzom99-shard-00-01.hedm1pa.mongodb.net:27017","arbiters":[],"electionId":null,"error":{"beforeHandshake":false,"errorLabelSet":{}},"hosts":[],"iscryptd":false,"lastUpdateTime":322976217,"lastWriteDate":0,"logicalSessionTimeoutMinutes":null,"maxBsonObjectSize":null,"maxMessageSizeBytes":null,"maxWireVersion":0,"maxWriteBatchSize":null,"me":null,"minRoundTripTime":0,"minWireVersion":0,"passives":[],"primary":null,"roundTripTime":-1,"setName":null,"setVersion":null,"tags":{},"topologyVersion":null,"type":"Unknown"},"ac-iyzom99-shard-00-02.hedm1pa.mongodb.net:27017":{"$clusterTime":null,"address":"ac-iyzom99-shard-00-02.hedm1pa.mongodb.net:27017","arbiters":[],"electionId":null,"error":{"beforeHandshake":false,"errorLabelSet":{}},"hosts":[],"iscryptd":false,"lastUpdateTime":322976218,"lastWriteDate":0,"logicalSessionTimeoutMinutes":null,"maxBsonObjectSize":null,"maxMessageSizeBytes":null,"maxWireVersion":0,"maxWriteBatchSize":null,"me":null,"minRoundTripTime":0,"minWireVersion":0,"passives":[],"primary":null,"roundTripTime":-1,"setName":null,"setVersion":null,"tags":{},"topologyVersion":null,"type":"Unknown"}},"setName":"atlas-il2ypw-shard-0","stale":false,"type":"ReplicaSetNoPrimary"},"errorLabelSet":{},"level":"error","message":"Could not connect to any servers in your MongoDB Atlas cluster. One common reason is that you're trying to access the database from an IP that isn't whitelisted. Make sure your current IP address is on your Atlas cluster's IP whitelist: https://www.mongodb.com/docs/atlas/security-whitelist/","reason":{"commonWireVersion":0,"compatible":true,"heartbeatFrequencyMS":10000,"localThresholdMS":15,"logicalSessionTimeoutMinutes":null,"maxElectionId":null,"maxSetVersion":null,"servers":{"ac-iyzom99-shard-00-00.hedm1pa.mongodb.net:27017":{"$clusterTime":null,"address":"ac-iyzom99-shard-00-00.hedm1pa.mongodb.net:27017","arbiters":[],"electionId":null,"error":{"beforeHandshake":false,"errorLabelSet":{}},"hosts":[],"iscryptd":false,"lastUpdateTime":322976173,"lastWriteDate":0,"logicalSessionTimeoutMinutes":null,"maxBsonObjectSize":null,"maxMessageSizeBytes":null,"maxWireVersion":0,"maxWriteBatchSize":null,"me":null,"minRoundTripTime":0,"minWireVersion":0,"passives":[],"primary":null,"roundTripTime":-1,"setName":null,"setVersion":null,"tags":{},"topologyVersion":null,"type":"Unknown"},"ac-iyzom99-shard-00-01.hedm1pa.mongodb.net:27017":{"$clusterTime":null,"address":"ac-iyzom99-shard-00-01.hedm1pa.mongodb.net:27017","arbiters":[],"electionId":null,"error":{"beforeHandshake":false,"errorLabelSet":{}},"hosts":[],"iscryptd":false,"lastUpdateTime":322976217,"lastWriteDate":0,"logicalSessionTimeoutMinutes":null,"maxBsonObjectSize":null,"maxMessageSizeBytes":null,"maxWireVersion":0,"maxWriteBatchSize":null,"me":null,"minRoundTripTime":0,"minWireVersion":0,"passives":[],"primary":null,"roundTripTime":-1,"setName":null,"setVersion":null,"tags":{},"topologyVersion":null,"type":"Unknown"},"ac-iyzom99-shard-00-02.hedm1pa.mongodb.net:27017":{"$clusterTime":null,"address":"ac-iyzom99-shard-00-02.hedm1pa.mongodb.net:27017","arbiters":[],"electionId":null,"error":{"beforeHandshake":false,"errorLabelSet":{}},"hosts":[],"iscryptd":false,"lastUpdateTime":322976218,"lastWriteDate":0,"logicalSessionTimeoutMinutes":null,"maxBsonObjectSize":null,"maxMessageSizeBytes":null,"maxWireVersion":0,"maxWriteBatchSize":null,"me":null,"minRoundTripTime":0,"minWireVersion":0,"passives":[],"primary":null,"roundTripTime":-1,"setName":null,"setVersion":null,"tags":{},"topologyVersion":null,"type":"Unknown"}},"setName":"atlas-il2ypw-shard-0","stale":false,"type":"ReplicaSetNoPrimary"},"service":"omegle-backend","stack":"MongooseServerSelectionError: Could not connect to any servers in your MongoDB Atlas cluster. One common reason is that you're trying to access the database from an IP that isn't whitelisted. Make sure your current IP address is on your Atlas cluster's IP whitelist: https://www.mongodb.com/docs/atlas/security-whitelist/\n    at _handleConnectionErrors (/Users/sohamsaranga/Desktop/omegle-master 3/backend/node_modules/mongoose/lib/connection.js:1169:11)\n    at NativeConnection.openUri (/Users/sohamsaranga/Desktop/omegle-master 3/backend/node_modules/mongoose/lib/connection.js:1100:11)","timestamp":"2025-11-15 19:21:15"}
{"level":"warn","message":"⚠️  Continuing without database (development mode)","service":"omegle-backend","timestamp":"2025-11-15 19:21:15"}
{"cause":{"beforeHandshake":false,"errorLabelSet":{}},"errorLabelSet":{},"level":"error","message":"❌ MongoDB error: 40F251EE01000000:error:0A000438:SSL routines:ssl3_read_bytes:tlsv1 alert internal error:ssl/record/rec_layer_s3.c:916:SSL alert number 80\n","reason":{"commonWireVersion":0,"compatible":true,"heartbeatFrequencyMS":10000,"localThresholdMS":15,"logicalSessionTimeoutMinutes":null,"maxElectionId":null,"maxSetVersion":null,"servers":{"ac-iyzom99-shard-00-00.hedm1pa.mongodb.net:27017":{"$clusterTime":null,"address":"ac-iyzom99-shard-00-00.hedm1pa.mongodb.net:27017","arbiters":[],"electionId":null,"error":{"beforeHandshake":false,"errorLabelSet":{}},"hosts":[],"iscryptd":false,"lastUpdateTime":322976173,"lastWriteDate":0,"logicalSessionTimeoutMinutes":null,"maxBsonObjectSize":null,"maxMessageSizeBytes":null,"maxWireVersion":0,"maxWriteBatchSize":null,"me":null,"minRoundTripTime":0,"minWireVersion":0,"passives":[],"primary":null,"roundTripTime":-1,"setName":null,"setVersion":null,"tags":{},"topologyVersion":null,"type":"Unknown"},"ac-iyzom99-shard-00-01.hedm1pa.mongodb.net:27017":{"$clusterTime":null,"address":"ac-iyzom99-shard-00-01.hedm1pa.mongodb.net:27017","arbiters":[],"electionId":null,"error":{"beforeHandshake":false,"errorLabelSet":{}},"hosts":[],"iscryptd":false,"lastUpdateTime":322976217,"lastWriteDate":0,"logicalSessionTimeoutMinutes":null,"maxBsonObjectSize":null,"maxMessageSizeBytes":null,"maxWireVersion":0,"maxWriteBatchSize":null,"me":null,"minRoundTripTime":0,"minWireVersion":0,"passives":[],"primary":null,"roundTripTime":-1,"setName":null,"setVersion":null,"tags":{},"topologyVersion":null,"type":"Unknown"},"ac-iyzom99-shard-00-02.hedm1pa.mongodb.net:27017":{"$clusterTime":null,"address":"ac-iyzom99-shard-00-02.hedm1pa.mongodb.net:27017","arbiters":[],"electionId":null,"error":{"beforeHandshake":false,"errorLabelSet":{}},"hosts":[],"iscryptd":false,"lastUpdateTime":322976218,"lastWriteDate":0,"logicalSessionTimeoutMinutes":null,"maxBsonObjectSize":null,"maxMessageSizeBytes":null,"maxWireVersion":0,"maxWriteBatchSize":null,"me":null,"minRoundTripTime":0,"minWireVersion":0,"passives":[],"primary":null,"roundTripTime":-1,"setName":null,"setVersion":null,"tags":{},"topologyVersion":null,"type":"Unknown"}},"setName":"atlas-il2ypw-shard-0","stale":false,"type":"ReplicaSetNoPrimary"},"service":"omegle-backend","stack":"MongoServerSelectionError: 40F251EE01000000:error:0A000438:SSL routines:ssl3_read_bytes:tlsv1 alert internal error:ssl/record/rec_layer_s3.c:916:SSL alert number 80\n\n    at Topology.selectServer (/Users/sohamsaranga/Desktop/omegle-master 3/backend/node_modules/mongodb/lib/sdam/topology.js:327:38)\n    at async Topology._connect (/Users/sohamsaranga/Desktop/omegle-master 3/backend/node_modules/mongodb/lib/sdam/topology.js:200:28)\n    at async Topology.connect (/Users/sohamsaranga/Desktop/omegle-master 3/backend/node_modules/mongodb/lib/sdam/topology.js:152:13)\n    at async topologyConnect (/Users/sohamsaranga/Desktop/omegle-master 3/backend/node_modules/mongodb/lib/mongo_client.js:264:17)\n    at async MongoClient._connect (/Users/sohamsaranga/Desktop/omegle-master 3/backend/node_modules/mongodb/lib/mongo_client.js:277:13)\n    at async MongoClient.connect (/Users/sohamsaranga/Desktop/omegle-master 3/backend/node_modules/mongodb/lib/mongo_client.js:202:13)\n    at async NativeConnection.createClient (/Users/sohamsaranga/Desktop/omegle-master 3/backend/node_modules/mongoose/lib/drivers/node-mongodb-native/connection.js:351:3)\n    at async NativeConnection.openUri (/Users/sohamsaranga/Desktop/omegle-master 3/backend/node_modules/mongoose/lib/connection.js:1098:5)","timestamp":"2025-11-15 19:21:15"}
{"level":"info","message":"User disconnected: WIBVtZ8YDG2HQUgaAAAD","service":"omegle-backend","timestamp":"2025-11-15 19:21:46"}
{"level":"info","message":"User WIBVtZ8YDG2HQUgaAAAD removed","service":"omegle-backend","timestamp":"2025-11-15 19:21:46"}
{"level":"info","message":"User disconnected: VCoIJFrBVg0lM7WnAAAB","service":"omegle-backend","timestamp":"2025-11-15 19:21:52"}
{"level":"info","message":"User VCoIJFrBVg0lM7WnAAAB removed","service":"omegle-backend","timestamp":"2025-11-15 19:21:52"}
{"level":"warn","message":"Database not connected, using in-memory user","service":"omegle-backend","timestamp":"2025-11-15 19:22:23"}
{"level":"info","message":"User verified for zoom@adypu.edu.in (college email domain validated)","service":"omegle-backend","timestamp":"2025-11-15 19:22:23"}
{"level":"info","message":"User connected: V8Uv7By6Tzhu-1wqAAAF","service":"omegle-backend","timestamp":"2025-11-15 19:22:24"}
{"level":"info","message":"🚀 Server listening on port 3000","service":"omegle-backend","timestamp":"2025-11-15 19:27:50"}
{"level":"info","message":"📝 Environment: development","service":"omegle-backend","timestamp":"2025-11-15 19:27:50"}
{"level":"info","message":"User connected: t_PCf_CrlTHSJarTAAAB","service":"omegle-backend","timestamp":"2025-11-15 19:27:51"}
{"level":"warn","message":"⚠️  MongoDB disconnected","service":"omegle-backend","timestamp":"2025-11-15 19:27:55"}
{"cause":{"commonWireVersion":0,"compatible":true,"heartbeatFrequencyMS":10000,"localThresholdMS":15,"logicalSessionTimeoutMinutes":null,"maxElectionId":null,"maxSetVersion":null,"servers":{"ac-iyzom99-shard-00-00.hedm1pa.mongodb.net:27017":{"$clusterTime":null,"address":"ac-iyzom99-shard-00-00.hedm1pa.mongodb.net:27017","arbiters":[],"electionId":null,"error":{"beforeHandshake":false,"errorLabelSet":{}},"hosts":[],"iscryptd":false,"lastUpdateTime":323375830,"lastWriteDate":0,"logicalSessionTimeoutMinutes":null,"maxBsonObjectSize":null,"maxMessageSizeBytes":null,"maxWireVersion":0,"maxWriteBatchSize":null,"me":null,"minRoundTripTime":0,"minWireVersion":0,"passives":[],"primary":null,"roundTripTime":-1,"setName":null,"setVersion":null,"tags":{},"topologyVersion":null,"type":"Unknown"},"ac-iyzom99-shard-00-01.hedm1pa.mongodb.net:27017":{"$clusterTime":null,"address":"ac-iyzom99-shard-00-01.hedm1pa.mongodb.net:27017","arbiters":[],"electionId":null,"error":{"beforeHandshake":false,"errorLabelSet":{}},"hosts":[],"iscryptd":false,"lastUpdateTime":323375823,"lastWriteDate":0,"logicalSessionTimeoutMinutes":null,"maxBsonObjectSize":null,"maxMessageSizeBytes":null,"maxWireVersion":0,"maxWriteBatchSize":null,"me":null,"minRoundTripTime":0,"minWireVersion":0,"passives":[],"primary":null,"roundTripTime":-1,"setName":null,"setVersion":null,"tags":{},"topologyVersion":null,"type":"Unknown"},"ac-iyzom99-shard-00-02.hedm1pa.mongodb.net:27017":{"$clusterTime":null,"address":"ac-iyzom99-shard-00-02.hedm1pa.mongodb.net:27017","arbiters":[],"electionId":null,"error":{"beforeHandshake":false,"errorLabelSet":{}},"hosts":[],"iscryptd":false,"lastUpdateTime":323375886,"lastWriteDate":0,"logicalSessionTimeoutMinutes":null,"maxBsonObjectSize":null,"maxMessageSizeBytes":null,"maxWireVersion":0,"maxWriteBatchSize":null,"me":null,"minRoundTripTime":0,"minWireVersion":0,"passives":[],"primary":null,"roundTripTime":-1,"setName":null,"setVersion":null,"tags":{},"topologyVersion":null,"type":"Unknown"}},"setName":"atlas-il2ypw-shard-0","stale":false,"type":"ReplicaSetNoPrimary"},"errorLabelSet":{},"level":"error","message":"Could not connect to any servers in your MongoDB Atlas cluster. One common reason is that you're trying to access the database from an IP that isn't whitelisted. Make sure your current IP address is on your Atlas cluster's IP whitelist: https://www.mongodb.com/docs/atlas/security-whitelist/","reason":{"commonWireVersion":0,"compatible":true,"heartbeatFrequencyMS":10000,"localThresholdMS":15,"logicalSessionTimeoutMinutes":null,"maxElectionId":null,"maxSetVersion":null,"servers":{"ac-iyzom99-shard-00-00.hedm1pa.mongodb.net:27017":{"$clusterTime":null,"address":"ac-iyzom99-shard-00-00.hedm1pa.mongodb.net:27017","arbiters":[],"electionId":null,"error":{"beforeHandshake":false,"errorLabelSet":{}},"hosts":[],"iscryptd":false,"lastUpdateTime":323375830,"lastWriteDate":0,"logicalSessionTimeoutMinutes":null,"maxBsonObjectSize":null,"maxMessageSizeBytes":null,"maxWireVersion":0,"maxWriteBatchSize":null,"me":null,"minRoundTripTime":0,"minWireVersion":0,"passives":[],"primary":null,"roundTripTime":-1,"setName":null,"setVersion":null,"tags":{},"topologyVersion":null,"type":"Unknown"},"ac-iyzom99-shard-00-01.hedm1pa.mongodb.net:27017":{"$clusterTime":null,"address":"ac-iyzom99-shard-00-01.hedm1pa.mongodb.net:27017","arbiters":[],"electionId":null,"error":{"beforeHandshake":false,"errorLabelSet":{}},"hosts":[],"iscryptd":false,"lastUpdateTime":323375823,"lastWriteDate":0,"logicalSessionTimeoutMinutes":null,"maxBsonObjectSize":null,"maxMessageSizeBytes":null,"maxWireVersion":0,"maxWriteBatchSize":null,"me":null,"minRoundTripTime":0,"minWireVersion":0,"passives":[],"primary":null,"roundTripTime":-1,"setName":null,"setVersion":null,"tags":{},"topologyVersion":null,"type":"Unknown"},"ac-iyzom99-shard-00-02.hedm1pa.mongodb.net:27017":{"$clusterTime":null,"address":"ac-iyzom99-shard-00-02.hedm1pa.mongodb.net:27017","arbiters":[],"electionId":null,"error":{"beforeHandshake":false,"errorLabelSet":{}},"hosts":[],"iscryptd":false,"lastUpdateTime":323375886,"lastWriteDate":0,"logicalSessionTimeoutMinutes":null,"maxBsonObjectSize":null,"maxMessageSizeBytes":null,"maxWireVersion":0,"maxWriteBatchSize":null,"me":null,"minRoundTripTime":0,"minWireVersion":0,"passives":[],"primary":null,"roundTripTime":-1,"setName":null,"setVersion":null,"tags":{},"topologyVersion":null,"type":"Unknown"}},"setName":"atlas-il2ypw-shard-0","stale":false,"type":"ReplicaSetNoPrimary"},"service":"omegle-backend","stack":"MongooseServerSelectionError: Could not connect to any servers in your MongoDB Atlas cluster. One common reason is that you're trying to access the database from an IP that isn't whitelisted. Make sure your current IP address is on your Atlas cluster's IP whitelist: https://www.mongodb.com/docs/atlas/security-whitelist/\n    at _handleConnectionErrors (/Users/sohamsaranga/Desktop/omegle-master 3/backend/node_modules/mongoose/lib/connection.js:1169:11)\n    at NativeConnection.openUri (/Users/sohamsaranga/Desktop/omegle-master 3/backend/node_modules/mongoose/lib/connection.js:1100:11)","timestamp":"2025-11-15 19:27:55"}
{"level":"warn","message":"⚠️  Continuing without database (development mode)","service":"omegle-backend","timestamp":"2025-11-15 19:27:55"}
{"cause":{"beforeHandshake":false,"errorLabelSet":{}},"errorLabelSet":{},"level":"error","message":"❌ MongoDB error: 40F251EE01000000:error:0A000438:SSL routines:ssl3_read_bytes:tlsv1 alert internal error:ssl/record/rec_layer_s3.c:916:SSL alert number 80\n","reason":{"commonWireVersion":0,"compatible":true,"heartbeatFrequencyMS":10000,"localThresholdMS":15,"logicalSessionTimeoutMinutes":null,"maxElectionId":null,"maxSetVersion":null,"servers":{"ac-iyzom99-shard-00-00.hedm1pa.mongodb.net:27017":{"$clusterTime":null,"address":"ac-iyzom99-shard-00-00.hedm1pa.mongodb.net:27017","arbiters":[],"electionId":null,"error":{"beforeHandshake":false,"errorLabelSet":{}},"hosts":[],"iscryptd":false,"lastUpdateTime":323375830,"lastWriteDate":0,"logicalSessionTimeoutMinutes":null,"maxBsonObjectSize":null,"maxMessageSizeBytes":null,"maxWireVersion":0,"maxWriteBatchSize":null,"me":null,"minRoundTripTime":0,"minWireVersion":0,"passives":[],"primary":null,"roundTripTime":-1,"setName":null,"setVersion":null,"tags":{},"topologyVersion":null,"type":"Unknown"},"ac-iyzom99-shard-00-01.hedm1pa.mongodb.net:27017":{"$clusterTime":null,"address":"ac-iyzom99-shard-00-01.hedm1pa.mongodb.net:27017","arbiters":[],"electionId":null,"error":{"beforeHandshake":false,"errorLabelSet":{}},"hosts":[],"iscryptd":false,"lastUpdateTime":323375823,"lastWriteDate":0,"logicalSessionTimeoutMinutes":null,"maxBsonObjectSize":null,"maxMessageSizeBytes":null,"maxWireVersion":0,"maxWriteBatchSize":null,"me":null,"minRoundTripTime":0,"minWireVersion":0,"passives":[],"primary":null,"roundTripTime":-1,"setName":null,"setVersion":null,"tags":{},"topologyVersion":null,"type":"Unknown"},"ac-iyzom99-shard-00-02.hedm1pa.mongodb.net:27017":{"$clusterTime":null,"address":"ac-iyzom99-shard-00-02.hedm1pa.mongodb.net:27017","arbiters":[],"electionId":null,"error":{"beforeHandshake":false,"errorLabelSet":{}},"hosts":[],"iscryptd":false,"lastUpdateTime":323375886,"lastWriteDate":0,"logicalSessionTimeoutMinutes":null,"maxBsonObjectSize":null,"maxMessageSizeBytes":null,"maxWireVersion":0,"maxWriteBatchSize":null,"me":null,"minRoundTripTime":0,"minWireVersion":0,"passives":[],"primary":null,"roundTripTime":-1,"setName":null,"setVersion":null,"tags":{},"topologyVersion":null,"type":"Unknown"}},"setName":"atlas-il2ypw-shard-0","stale":false,"type":"ReplicaSetNoPrimary"},"service":"omegle-backend","stack":"MongoServerSelectionError: 40F251EE01000000:error:0A000438:SSL routines:ssl3_read_bytes:tlsv1 alert internal error:ssl/record/rec_layer_s3.c:916:SSL alert number 80\n\n    at Topology.selectServer (/Users/sohamsaranga/Desktop/omegle-master 3/backend/node_modules/mongodb/lib/sdam/topology.js:327:38)\n    at async Topology._connect (/Users/sohamsaranga/Desktop/omegle-master 3/backend/node_modules/mongodb/lib/sdam/topology.js:200:28)\n    at async Topology.connect (/Users/sohamsaranga/Desktop/omegle-master 3/backend/node_modules/mongodb/lib/sdam/topology.js:152:13)\n    at async topologyConnect (/Users/sohamsaranga/Desktop/omegle-master 3/backend/node_modules/mongodb/lib/mongo_client.js:264:17)\n    at async MongoClient._connect (/Users/sohamsaranga/Desktop/omegle-master 3/backend/node_modules/mongodb/lib/mongo_client.js:277:13)\n    at async MongoClient.connect (/Users/sohamsaranga/Desktop/omegle-master 3/backend/node_modules/mongodb/lib/mongo_client.js:202:13)\n    at async NativeConnection.createClient (/Users/sohamsaranga/Desktop/omegle-master 3/backend/node_modules/mongoose/lib/drivers/node-mongodb-native/connection.js:351:3)\n    at async NativeConnection.openUri (/Users/sohamsaranga/Desktop/omegle-master 3/backend/node_modules/mongoose/lib/connection.js:1098:5)","timestamp":"2025-11-15 19:27:55"}
{"level":"info","message":"User disconnected: t_PCf_CrlTHSJarTAAAB","service":"omegle-backend","timestamp":"2025-11-15 19:35:52"}
{"level":"info","message":"User t_PCf_CrlTHSJarTAAAB removed","service":"omegle-backend","timestamp":"2025-11-15 19:35:52"}
{"level":"info","message":"SIGINT signal received: closing HTTP server","service":"omegle-backend","timestamp":"2025-11-15 19:56:23"}
{"level":"info","message":"🚀 Server listening on port 3000","service":"omegle-backend","timestamp":"2025-11-15 19:56:25"}
{"level":"info","message":"📝 Environment: development","service":"omegle-backend","timestamp":"2025-11-15 19:56:25"}
{"level":"info","message":"✅ Connected to MongoDB","service":"omegle-backend","timestamp":"2025-11-15 19:56:26"}
{"level":"info","message":"User verified for arpitsarang@adypu.edu.in (college email domain validated)","service":"omegle-backend","timestamp":"2025-11-15 19:57:00"}
{"level":"info","message":"User connected: PJaO0vUzcxWMka96AAAB","service":"omegle-backend","timestamp":"2025-11-15 19:57:02"}
{"level":"error","message":"Error saving user to database: MongoServerError: Plan executor error during findAndModify :: caused by :: E11000 duplicate key error collection: omegle-clone.users index: email_1 dup key: { email: null }","service":"omegle-backend","timestamp":"2025-11-15 19:57:02"}
{"level":"info","message":"User User (arpitsarang@adypu.edu.in) (PJaO0vUzcxWMka96AAAB) joined","service":"omegle-backend","timestamp":"2025-11-15 19:57:02"}
{"level":"info","message":"User verified for soham@adypu.edu.in (college email domain validated)","service":"omegle-backend","timestamp":"2025-11-15 19:57:20"}
{"level":"info","message":"User connected: wm98Jo4U0JqKCYEBAAAD","service":"omegle-backend","timestamp":"2025-11-15 19:57:21"}
{"level":"error","message":"Error saving user to database: MongoServerError: Plan executor error during findAndModify :: caused by :: E11000 duplicate key error collection: omegle-clone.users index: email_1 dup key: { email: null }","service":"omegle-backend","timestamp":"2025-11-15 19:57:21"}
{"level":"info","message":"Matching users: User and User","service":"omegle-backend","timestamp":"2025-11-15 19:57:21"}
{"level":"info","message":"User User (soham@adypu.edu.in) (wm98Jo4U0JqKCYEBAAAD) joined","service":"omegle-backend","timestamp":"2025-11-15 19:57:21"}
{"level":"error","message":"Error saving room to database: MongoServerError: E11000 duplicate key error collection: omegle-clone.rooms index: roomId_1 dup key: { roomId: \"1\" }","service":"omegle-backend","timestamp":"2025-11-15 19:57:21"}
